<?xml version="1.0" encoding="UTF-8"?>
<!-- Generated by org.testng.reporters.JUnitReportReporter -->
<testsuite hostname="DESKTOP-QBJ5JUT" name="Framework.AnnotationExpls" tests="1" failures="0" timestamp="8 Jul 2016 05:28:25 GMT" time="4.740" errors="0">
  <testcase name="ActualTestCase" time="4.740" classname="Framework.AnnotationExpls"/>
</testsuite> <!-- Framework.AnnotationExpls -->
